<?xml version="1.0" encoding="UTF-8"?>
<testsuite name="CalculadoraTest" tests="5" skipped="0" failures="0" errors="0" timestamp="2023-03-08T04:48:02" hostname="LAPTOP-6DH68450" time="0.04">
  <properties/>
  <testcase name="Suma0" classname="CalculadoraTest" time="0.017"/>
  <testcase name="Suma1" classname="CalculadoraTest" time="0.001"/>
  <testcase name="Suma2" classname="CalculadoraTest" time="0.002"/>
  <testcase name="Suma3" classname="CalculadoraTest" time="0.0"/>
  <testcase name="Suma4" classname="CalculadoraTest" time="0.001"/>
  <system-out><![CDATA[]]></system-out>
  <system-err><![CDATA[]]></system-err>
</testsuite>
